<?xml version="1.0" encoding="UTF-8"?>
<!-- Generated by org.testng.reporters.JUnitXMLReporter -->
<testsuite ignored="0" hostname="DESKTOP-RKFAO4P" failures="0" tests="11" name="Test" time="75.297" errors="0" timestamp="2023-05-15T17:12:10 IST">
  <testcase classname="loginAndLogout.TC5" name="logoutrefresh" time="3.547"/>
  <testcase classname="loginAndLogout.TC3" name="wrongusername" time="0.189"/>
  <testcase classname="loginAndLogout.TC4" name="successfulLoginRefresh" time="2.439"/>
  <testcase classname="homePageBehavior.TC1" name="YieldingCorrectResults" time="7.839"/>
  <testcase classname="homePageBehavior.TC2" name="GenderSelectionPreservedonSearching" time="10.734"/>
  <testcase classname="homePageBehavior.TC3" name="livingStatus" time="6.767"/>
  <testcase classname="homePageBehavior.TC4" name="ResetFilter" time="8.384"/>
  <testcase classname="homePageBehavior.TC5" name="noResultcase" time="2.101"/>
  <testcase classname="homePageBehavior.TC6" name="characterDisplayScreen" time="2.538"/>
  <testcase classname="loginAndLogout.TC1" name="login" time="0.764"/>
  <testcase classname="loginAndLogout.TC2" name="wrongpassAndCorrectemail" time="0.268"/>
</testsuite> <!-- Test -->
