<?xml version="1.0" encoding="UTF-8"?>
<!-- Generated by org.testng.reporters.JUnitXMLReporter -->
<testsuite ignored="0" hostname="DESKTOP-RKFAO4P" failures="0" tests="5" name="Test3" time="176.761" errors="0" timestamp="2023-05-15T12:42:44 IST">
  <testcase classname="loginAndLogout.TC5" name="logoutrefresh" time="9.718"/>
  <testcase classname="loginAndLogout.TC3" name="wrongusername" time="0.47"/>
  <testcase classname="loginAndLogout.TC4" name="successfulLoginRefresh" time="2.865"/>
  <testcase classname="loginAndLogout.TC1" name="login" time="1.723"/>
  <testcase classname="loginAndLogout.TC2" name="wrongpassAndCorrectemail" time="0.417"/>
</testsuite> <!-- Test3 -->
