<?xml version="1.0" encoding="UTF-8"?>
<!-- Generated by org.testng.reporters.JUnitXMLReporter -->
<testsuite ignored="0" hostname="DESKTOP-RKFAO4P" failures="0" tests="5" name="Test2" time="45.577" errors="0" timestamp="2023-05-15T12:35:52 IST">
  <testcase classname="loginAndLogout.TC5" name="logoutrefresh" time="3.537"/>
  <testcase classname="loginAndLogout.TC3" name="wrongusername" time="0.274"/>
  <testcase classname="loginAndLogout.TC4" name="successfulLoginRefresh" time="3.034"/>
  <testcase classname="loginAndLogout.TC1" name="login" time="0.767"/>
  <testcase classname="loginAndLogout.TC2" name="wrongpassAndCorrectemail" time="0.239"/>
</testsuite> <!-- Test2 -->
