<?xml version="1.0" encoding="UTF-8"?>
<!-- Generated by org.testng.reporters.JUnitXMLReporter -->
<testsuite ignored="0" hostname="DESKTOP-RKFAO4P" failures="0" tests="5" name="Test1" time="21.297" errors="0" timestamp="2023-05-15T12:50:31 IST">
  <testcase classname="loginAndLogout.TC5" name="logoutrefresh" time="3.58"/>
  <testcase classname="loginAndLogout.TC3" name="wrongusername" time="0.178"/>
  <testcase classname="loginAndLogout.TC4" name="successfulLoginRefresh" time="2.762"/>
  <testcase classname="loginAndLogout.TC1" name="login" time="0.856"/>
  <testcase classname="loginAndLogout.TC2" name="wrongpassAndCorrectemail" time="0.244"/>
</testsuite> <!-- Test1 -->
